<?xml version="1.0" encoding="UTF-8"?>
<testsuite xmlns:xsi="http://www.w3.org/2001/XMLSchema-instance" xsi:noNamespaceSchemaLocation="https://maven.apache.org/surefire/maven-surefire-plugin/xsd/surefire-test-report.xsd" version="3.0.2" name="com.bil372.tour_reservation.TourReservationApplicationTests" time="7.897" tests="1" errors="0" skipped="0" failures="0">
  <properties>
[...]
</properties>
  <testcase name="contextLoads" classname="com.bil372.tour_reservation.TourReservationApplicationTests" time="0.468">
    <system-out><![CDATA[17:57:47.864 [main] INFO org.springframework.test.context.support.AnnotationConfigContextLoaderUtils -- Could not detect default configuration classes for test class [com.bil372.tour_reservation.TourReservationApplicationTests]: TourReservationApplicationTests does not declare any static, non-private, non-final, nested classes annotated with @Configuration.
17:57:47.994 [main] INFO org.springframework.boot.test.context.SpringBootTestContextBootstrapper -- Found @SpringBootConfiguration com.bil372.tour_reservation.TourReservationApplication for test class com.bil372.tour_reservation.TourReservationApplicationTests

  .   ____          _            __ _ _
 /\\ / ___'_ __ _ _(_)_ __  __ _ \ \ \ \
( ( )\___ | '_ | '_| | '_ \/ _` | \ \ \ \
 \\/  ___)| |_)| | | | | || (_| |  ) ) ) )
  '  |____| .__|_| |_|_| |_\__, | / / / /
 =========|_|==============|___/=/_/_/_/

 :: Spring Boot ::               (v3.4.12)

2025-11-29T17:57:48.472+03:00  INFO 23228 --- [           main] c.b.t.TourReservationApplicationTests    : Starting TourReservationApplicationTests using Java 21.0.1 with PID 23228 (started by zeyne in C:\Users\zeyne\OneDrive\Masaüstü\tour-reservation\backend)
2025-11-29T17:57:48.473+03:00  INFO 23228 --- [           main] c.b.t.TourReservationApplicationTests    : No active profile set, falling back to 1 default profile: "default"
2025-11-29T17:57:49.357+03:00  INFO 23228 --- [           main] .s.d.r.c.RepositoryConfigurationDelegate : Bootstrapping Spring Data JPA repositories in DEFAULT mode.
2025-11-29T17:57:49.460+03:00  INFO 23228 --- [           main] .s.d.r.c.RepositoryConfigurationDelegate : Finished Spring Data repository scanning in 94 ms. Found 12 JPA repository interfaces.
2025-11-29T17:57:50.267+03:00  INFO 23228 --- [           main] o.hibernate.jpa.internal.util.LogHelper  : HHH000204: Processing PersistenceUnitInfo [name: default]
2025-11-29T17:57:50.358+03:00  INFO 23228 --- [           main] org.hibernate.Version                    : HHH000412: Hibernate ORM core version 6.6.36.Final
2025-11-29T17:57:50.414+03:00  INFO 23228 --- [           main] o.h.c.internal.RegionFactoryInitiator    : HHH000026: Second-level cache disabled
2025-11-29T17:57:51.007+03:00  INFO 23228 --- [           main] o.s.o.j.p.SpringPersistenceUnitInfo      : No LoadTimeWeaver setup: ignoring JPA class transformer
2025-11-29T17:57:51.048+03:00  INFO 23228 --- [           main] com.zaxxer.hikari.HikariDataSource       : HikariPool-1 - Starting...
2025-11-29T17:57:51.216+03:00  INFO 23228 --- [           main] com.zaxxer.hikari.pool.HikariPool        : HikariPool-1 - Added connection com.mysql.cj.jdbc.ConnectionImpl@6eeb29c0
2025-11-29T17:57:51.217+03:00  INFO 23228 --- [           main] com.zaxxer.hikari.HikariDataSource       : HikariPool-1 - Start completed.
2025-11-29T17:57:51.264+03:00  WARN 23228 --- [           main] org.hibernate.orm.deprecation            : HHH90000025: MySQL8Dialect does not need to be specified explicitly using 'hibernate.dialect' (remove the property setting and it will be selected by default)
2025-11-29T17:57:51.265+03:00  WARN 23228 --- [           main] org.hibernate.orm.deprecation            : HHH90000026: MySQL8Dialect has been deprecated; use org.hibernate.dialect.MySQLDialect instead
2025-11-29T17:57:51.289+03:00  INFO 23228 --- [           main] org.hibernate.orm.connections.pooling    : HHH10001005: Database info:
	Database JDBC URL [Connecting through datasource 'HikariDataSource (HikariPool-1)']
	Database driver: undefined/unknown
	Database version: 8.0
	Autocommit mode: undefined/unknown
	Isolation level: undefined/unknown
	Minimum pool size: undefined/unknown
	Maximum pool size: undefined/unknown
2025-11-29T17:57:51.653+03:00  WARN 23228 --- [           main] org.hibernate.mapping.RootClass          : HHH000038: Composite-id class does not override equals(): com.bil372.tour_reservation.entity.FlightPackageId
2025-11-29T17:57:51.653+03:00  WARN 23228 --- [           main] org.hibernate.mapping.RootClass          : HHH000039: Composite-id class does not override hashCode(): com.bil372.tour_reservation.entity.FlightPackageId
2025-11-29T17:57:51.653+03:00  WARN 23228 --- [           main] org.hibernate.mapping.RootClass          : HHH000038: Composite-id class does not override equals(): com.bil372.tour_reservation.entity.HotelPackageId
2025-11-29T17:57:51.653+03:00  WARN 23228 --- [           main] org.hibernate.mapping.RootClass          : HHH000039: Composite-id class does not override hashCode(): com.bil372.tour_reservation.entity.HotelPackageId
2025-11-29T17:57:51.655+03:00  WARN 23228 --- [           main] org.hibernate.mapping.RootClass          : HHH000038: Composite-id class does not override equals(): com.bil372.tour_reservation.entity.TourDestinationId
2025-11-29T17:57:51.657+03:00  WARN 23228 --- [           main] org.hibernate.mapping.RootClass          : HHH000039: Composite-id class does not override hashCode(): com.bil372.tour_reservation.entity.TourDestinationId
2025-11-29T17:57:52.325+03:00  INFO 23228 --- [           main] o.h.e.t.j.p.i.JtaPlatformInitiator       : HHH000489: No JTA platform available (set 'hibernate.transaction.jta.platform' to enable JTA platform integration)
2025-11-29T17:57:52.328+03:00  INFO 23228 --- [           main] j.LocalContainerEntityManagerFactoryBean : Initialized JPA EntityManagerFactory for persistence unit 'default'
2025-11-29T17:57:53.092+03:00  INFO 23228 --- [           main] o.s.d.j.r.query.QueryEnhancerFactory     : Hibernate is in classpath; If applicable, HQL parser will be used.
2025-11-29T17:57:54.497+03:00  WARN 23228 --- [           main] JpaBaseConfiguration$JpaWebConfiguration : spring.jpa.open-in-view is enabled by default. Therefore, database queries may be performed during view rendering. Explicitly configure spring.jpa.open-in-view to disable this warning
2025-11-29T17:57:54.993+03:00  INFO 23228 --- [           main] c.b.t.TourReservationApplicationTests    : Started TourReservationApplicationTests in 6.827 seconds (process running for 7.878)
🔄 Veritabanı triggerları kontrol ediliyor...
   -> Review (Yorum) triggerları hazır.
   -> Reservation (Kontenjan) triggerları hazır.
✅ Tüm veritabanı triggerları başarıyla yüklendi.
]]></system-out>
    <system-err><![CDATA[Mockito is currently self-attaching to enable the inline-mock-maker. This will no longer work in future releases of the JDK. Please add Mockito as an agent to your build what is described in Mockito's documentation: https://javadoc.io/doc/org.mockito/mockito-core/latest/org/mockito/Mockito.html#0.3
WARNING: A Java agent has been loaded dynamically (C:\Users\zeyne\.m2\repository\net\bytebuddy\byte-buddy-agent\1.15.11\byte-buddy-agent-1.15.11.jar)
WARNING: If a serviceability tool is in use, please run with -XX:+EnableDynamicAgentLoading to hide this warning
WARNING: If a serviceability tool is not in use, please run with -Djdk.instrument.traceUsage for more information
WARNING: Dynamic loading of agents will be disallowed by default in a future release
]]></system-err>
  </testcase>
</testsuite>